<?xml version="1.0" encoding="UTF-8"?>
<!-- Generated by org.testng.reporters.JUnitReportReporter -->
<testsuite hostname="DESKTOP-CTMBMV2" failures="0" tests="1" name="com.inetbanking.Testcases.TC_Login_001" time="1.913" errors="0" timestamp="18 Nov 2021 04:58:47 GMT" skipped="0">
  <testcase classname="com.inetbanking.Testcases.TC_Login_001" name="loginTest" time="1.913"/>
</testsuite> <!-- com.inetbanking.Testcases.TC_Login_001 -->
