<?xml version="1.0" encoding="UTF-8"?>
<!-- Generated by org.testng.reporters.JUnitReportReporter -->
<testsuite hostname="DESKTOP-CTMBMV2" failures="0" tests="1" name="com.inetbanking.Testcases.TC_createcustomer_002" time="6.721" errors="0" timestamp="18 Nov 2021 05:25:08 GMT" skipped="0">
  <testcase classname="com.inetbanking.Testcases.TC_createcustomer_002" name="creatingCustomer" time="6.721"/>
</testsuite> <!-- com.inetbanking.Testcases.TC_createcustomer_002 -->
