<?xml version="1.0" encoding="UTF-8"?>
<!-- Generated by org.testng.reporters.JUnitReportReporter -->
<testsuite skipped="0" hostname="DESKTOP-CTMBMV2" name="com.inetbanking.Testcases.TC_Login_001" tests="1" failures="0" timestamp="18 Nov 2021 09:21:06 GMT" time="2.484" errors="0">
  <testcase name="loginTest" time="2.484" classname="com.inetbanking.Testcases.TC_Login_001"/>
</testsuite> <!-- com.inetbanking.Testcases.TC_Login_001 -->
